<?xml version="1.0" encoding="UTF-8"?>
<!-- Generated by org.testng.reporters.JUnitReportReporter -->
<testsuite hostname="DESKTOP-04BK3GM" name="MavenTestNGGitHubJenkins.MavenTestNGGitHubJenkinsArtID.confirmationPopUpHandler" tests="4" failures="0" timestamp="22 Nov 2017 03:16:03 GMT" time="79.535" errors="0">
  <testcase name="printMsg" time="0.000" classname="MavenTestNGGitHubJenkins.MavenTestNGGitHubJenkinsArtID.confirmationPopUpHandler"/>
  <testcase name="confirmationPopUp" time="40.194" classname="MavenTestNGGitHubJenkins.MavenTestNGGitHubJenkinsArtID.confirmationPopUpHandler"/>
  <testcase name="confirmationPopUp" time="39.340" classname="MavenTestNGGitHubJenkins.MavenTestNGGitHubJenkinsArtID.confirmationPopUpHandler"/>
  <testcase name="printMsg" time="0.001" classname="MavenTestNGGitHubJenkins.MavenTestNGGitHubJenkinsArtID.confirmationPopUpHandler"/>
</testsuite>
